<?xml version="1.0" encoding="UTF-8"?>
<!-- Generated by org.testng.reporters.JUnitReportReporter -->
<testsuite hostname="DESKTOP-C4PETOQ" name="Regression.Run" tests="1" failures="0" timestamp="5 Jan 2020 17:36:55 GMT" time="23.433" errors="0">
  <testcase name="open" time="23.433" classname="Regression.Run"/>
</testsuite> <!-- Regression.Run -->
